This is pdfTeX, Version 3.14159265-2.6-1.40.15 (MiKTeX 2.9 64-bit) (preloaded format=pdflatex 2015.11.22)  28 FEB 2016 19:28
entering extended mode
**COMP150_Agile_Essay_Proposal.tex
(COMP150_Agile_Essay_Proposal.tex
LaTeX2e <2014/05/01>
Babel <3.9l> and hyphenation patterns for 68 languages loaded.
("G:\Program Files (x86)\MiKTeX 2.9\tex\latex\koma-script\scrartcl.cls"
Document Class: scrartcl 2015/02/07 v3.16 KOMA-Script document class (article)
("G:\Program Files (x86)\MiKTeX 2.9\tex\latex\koma-script\scrkbase.sty"
Package: scrkbase 2015/02/07 v3.16 KOMA-Script package (KOMA-Script-dependent b
asics and keyval usage)

("G:\Program Files (x86)\MiKTeX 2.9\tex\latex\koma-script\scrbase.sty"
Package: scrbase 2015/02/07 v3.16 KOMA-Script package (KOMA-Script-independent 
basics and keyval usage)

("G:\Program Files (x86)\MiKTeX 2.9\tex\latex\graphics\keyval.sty"
Package: keyval 2014/10/28 v1.15 key=value parser (DPC)
\KV@toks@=\toks14
)
("G:\Program Files (x86)\MiKTeX 2.9\tex\latex\koma-script\scrlfile.sty"
Package: scrlfile 2015/02/07 v3.16 KOMA-Script package (loading files)

Package scrlfile, 2015/02/07 v3.16 KOMA-Script package (loading files)
                  Copyright (C) Markus Kohm

))) ("G:\Program Files (x86)\MiKTeX 2.9\tex\latex\koma-script\tocbasic.sty"
Package: tocbasic 2015/02/07 v3.16 KOMA-Script package (handling toc-files)
)
Package tocbasic Info: omitting babel extension for `toc'
(tocbasic)             because of feature `nobabel' available
(tocbasic)             for `toc' on input line 116.
Package tocbasic Info: omitting babel extension for `lof'
(tocbasic)             because of feature `nobabel' available
(tocbasic)             for `lof' on input line 117.
Package tocbasic Info: omitting babel extension for `lot'
(tocbasic)             because of feature `nobabel' available
(tocbasic)             for `lot' on input line 118.
Class scrartcl Info: File `scrsize11pt.clo' used instead of
(scrartcl)           file `scrsize11.clo' to setup font sizes on input line 156
4.

("G:\Program Files (x86)\MiKTeX 2.9\tex\latex\koma-script\scrsize11pt.clo"
File: scrsize11pt.clo 2015/02/07 v3.16 KOMA-Script font size class option (11pt
)
)
("G:\Program Files (x86)\MiKTeX 2.9\tex\latex\koma-script\typearea.sty"
Package: typearea 2015/02/07 v3.16 KOMA-Script package (type area)

Package typearea, 2015/02/07 v3.16 KOMA-Script package (type area)
                  Copyright (C) Frank Neukam, 1992-1994
                  Copyright (C) Markus Kohm, 1994-

\ta@bcor=\skip41
\ta@div=\count79
\ta@hblk=\skip42
\ta@vblk=\skip43
\ta@temp=\skip44
\footheight=\skip45
Package typearea Info: These are the values describing the layout:
(typearea)             DIV  = 10
(typearea)             BCOR = 0.0pt
(typearea)             \paperwidth      = 597.50793pt
(typearea)              \textwidth      = 418.25555pt
(typearea)              DIV departure   = -6%
(typearea)              \evensidemargin = 17.3562pt
(typearea)              \oddsidemargin  = 17.3562pt
(typearea)             \paperheight     = 845.04694pt
(typearea)              \textheight     = 595.80026pt
(typearea)              \topmargin      = -25.16531pt
(typearea)              \headheight     = 17.0pt
(typearea)              \headsep        = 20.40001pt
(typearea)              \topskip        = 11.0pt
(typearea)              \footskip       = 47.6pt
(typearea)              \baselineskip   = 13.6pt
(typearea)              on input line 1342.
)
\c@part=\count80
\c@section=\count81
\c@subsection=\count82
\c@subsubsection=\count83
\c@paragraph=\count84
\c@subparagraph=\count85
\abovecaptionskip=\skip46
\belowcaptionskip=\skip47
\c@pti@nb@sid@b@x=\box26
\c@figure=\count86
\c@table=\count87
\bibindent=\dimen102
) ("G:\Program Files (x86)\MiKTeX 2.9\tex\latex\hyperref\hyperref.sty"
Package: hyperref 2012/11/06 v6.83m Hypertext links for LaTeX

("G:\Program Files (x86)\MiKTeX 2.9\tex\generic\oberdiek\hobsub-hyperref.sty"
Package: hobsub-hyperref 2012/04/25 v1.12 Bundle oberdiek, subset hyperref (HO)


("G:\Program Files (x86)\MiKTeX 2.9\tex\generic\oberdiek\hobsub-generic.sty"
Package: hobsub-generic 2012/04/25 v1.12 Bundle oberdiek, subset generic (HO)
Package: hobsub 2012/04/25 v1.12 Construct package bundles (HO)
Package: infwarerr 2010/04/08 v1.3 Providing info/warning/error messages (HO)
Package: ltxcmds 2011/11/09 v1.22 LaTeX kernel commands for general use (HO)
Package: ifluatex 2010/03/01 v1.3 Provides the ifluatex switch (HO)
Package ifluatex Info: LuaTeX not detected.
Package: ifvtex 2010/03/01 v1.5 Detect VTeX and its facilities (HO)
Package ifvtex Info: VTeX not detected.
Package: intcalc 2007/09/27 v1.1 Expandable calculations with integers (HO)
Package: ifpdf 2011/01/30 v2.3 Provides the ifpdf switch (HO)
Package ifpdf Info: pdfTeX in PDF mode is detected.
Package: etexcmds 2011/02/16 v1.5 Avoid name clashes with e-TeX commands (HO)
Package etexcmds Info: Could not find \expanded.
(etexcmds)             That can mean that you are not using pdfTeX 1.50 or
(etexcmds)             that some package has redefined \expanded.
(etexcmds)             In the latter case, load this package earlier.
Package: kvsetkeys 2012/04/25 v1.16 Key value parser (HO)
Package: kvdefinekeys 2011/04/07 v1.3 Define keys (HO)
Package: pdftexcmds 2011/11/29 v0.20 Utility functions of pdfTeX for LuaTeX (HO
)
Package pdftexcmds Info: LuaTeX not detected.
Package pdftexcmds Info: \pdf@primitive is available.
Package pdftexcmds Info: \pdf@ifprimitive is available.
Package pdftexcmds Info: \pdfdraftmode found.
Package: pdfescape 2011/11/25 v1.13 Implements pdfTeX's escape features (HO)
Package: bigintcalc 2012/04/08 v1.3 Expandable calculations on big integers (HO
)
Package: bitset 2011/01/30 v1.1 Handle bit-vector datatype (HO)
Package: uniquecounter 2011/01/30 v1.2 Provide unlimited unique counter (HO)
)
Package hobsub Info: Skipping package `hobsub' (already loaded).
Package: letltxmacro 2010/09/02 v1.4 Let assignment for LaTeX macros (HO)
Package: hopatch 2011/06/24 v1.1 Wrapper for package hooks (HO)
Package: xcolor-patch 2011/01/30 xcolor patch
Package: atveryend 2011/06/30 v1.8 Hooks at the very end of document (HO)
Package atveryend Info: \enddocument detected (standard20110627).
Package: atbegshi 2011/10/05 v1.16 At begin shipout hook (HO)
Package: refcount 2011/10/16 v3.4 Data extraction from label references (HO)
Package: hycolor 2011/01/30 v1.7 Color options for hyperref/bookmark (HO)
)
("G:\Program Files (x86)\MiKTeX 2.9\tex\generic\ifxetex\ifxetex.sty"
Package: ifxetex 2010/09/12 v0.6 Provides ifxetex conditional
)
("G:\Program Files (x86)\MiKTeX 2.9\tex\latex\oberdiek\auxhook.sty"
Package: auxhook 2011/03/04 v1.3 Hooks for auxiliary files (HO)
)
("G:\Program Files (x86)\MiKTeX 2.9\tex\latex\oberdiek\kvoptions.sty"
Package: kvoptions 2011/06/30 v3.11 Key value format for package options (HO)
)
\@linkdim=\dimen103
\Hy@linkcounter=\count88
\Hy@pagecounter=\count89

("G:\Program Files (x86)\MiKTeX 2.9\tex\latex\hyperref\pd1enc.def"
File: pd1enc.def 2012/11/06 v6.83m Hyperref: PDFDocEncoding definition (HO)
)
\Hy@SavedSpaceFactor=\count90

("G:\Program Files (x86)\MiKTeX 2.9\tex\latex\00miktex\hyperref.cfg"
File: hyperref.cfg 2002/06/06 v1.2 hyperref configuration of TeXLive
)
Package hyperref Info: Hyper figures OFF on input line 4443.
Package hyperref Info: Link nesting OFF on input line 4448.
Package hyperref Info: Hyper index ON on input line 4451.
Package hyperref Info: Plain pages OFF on input line 4458.
Package hyperref Info: Backreferencing OFF on input line 4463.
Package hyperref Info: Implicit mode ON; LaTeX internals redefined.
Package hyperref Info: Bookmarks ON on input line 4688.
\c@Hy@tempcnt=\count91

("G:\Program Files (x86)\MiKTeX 2.9\tex\latex\url\url.sty"
\Urlmuskip=\muskip10
Package: url 2013/09/16  ver 3.4  Verb mode for urls, etc.
)
LaTeX Info: Redefining \url on input line 5041.
\XeTeXLinkMargin=\dimen104
\Fld@menulength=\count92
\Field@Width=\dimen105
\Fld@charsize=\dimen106
Package hyperref Info: Hyper figures OFF on input line 6295.
Package hyperref Info: Link nesting OFF on input line 6300.
Package hyperref Info: Hyper index ON on input line 6303.
Package hyperref Info: backreferencing OFF on input line 6310.
Package hyperref Info: Link coloring OFF on input line 6315.
Package hyperref Info: Link coloring with OCG OFF on input line 6320.
Package hyperref Info: PDF/A mode OFF on input line 6325.
LaTeX Info: Redefining \ref on input line 6365.
LaTeX Info: Redefining \pageref on input line 6369.
\Hy@abspage=\count93
\c@Item=\count94
\c@Hfootnote=\count95
)

Package hyperref Message: Driver (autodetected): hpdftex.

("G:\Program Files (x86)\MiKTeX 2.9\tex\latex\hyperref\hpdftex.def"
File: hpdftex.def 2012/11/06 v6.83m Hyperref driver for pdfTeX
\Fld@listcount=\count96
\c@bookmark@seq@number=\count97

("G:\Program Files (x86)\MiKTeX 2.9\tex\latex\oberdiek\rerunfilecheck.sty"
Package: rerunfilecheck 2011/04/15 v1.7 Rerun checks for auxiliary files (HO)
Package uniquecounter Info: New unique counter `rerunfilecheck' on input line 2
82.
)
\Hy@SectionHShift=\skip48
)
("G:\Program Files (x86)\MiKTeX 2.9\tex\latex\hyphenat\hyphenat.sty"
Package: hyphenat 2009/09/02 v2.3c hyphenation utilities
\langwohyphens=\language69
LaTeX Info: Redefining \_ on input line 43.
)
(COMP150_Agile_Essay_Proposal.aux)
LaTeX Font Info:    Checking defaults for OML/cmm/m/it on input line 11.
LaTeX Font Info:    ... okay on input line 11.
LaTeX Font Info:    Checking defaults for T1/cmr/m/n on input line 11.
LaTeX Font Info:    ... okay on input line 11.
LaTeX Font Info:    Checking defaults for OT1/cmr/m/n on input line 11.
LaTeX Font Info:    ... okay on input line 11.
LaTeX Font Info:    Checking defaults for OMS/cmsy/m/n on input line 11.
LaTeX Font Info:    ... okay on input line 11.
LaTeX Font Info:    Checking defaults for OMX/cmex/m/n on input line 11.
LaTeX Font Info:    ... okay on input line 11.
LaTeX Font Info:    Checking defaults for U/cmr/m/n on input line 11.
LaTeX Font Info:    ... okay on input line 11.
LaTeX Font Info:    Checking defaults for PD1/pdf/m/n on input line 11.
LaTeX Font Info:    ... okay on input line 11.
\AtBeginShipoutBox=\box27
Package hyperref Info: Link coloring OFF on input line 11.

("G:\Program Files (x86)\MiKTeX 2.9\tex\latex\hyperref\nameref.sty"
Package: nameref 2012/10/27 v2.43 Cross-referencing by name of section

("G:\Program Files (x86)\MiKTeX 2.9\tex\generic\oberdiek\gettitlestring.sty"
Package: gettitlestring 2010/12/03 v1.4 Cleanup title references (HO)
)
\c@section@level=\count98
)
LaTeX Info: Redefining \ref on input line 11.
LaTeX Info: Redefining \pageref on input line 11.
LaTeX Info: Redefining \nameref on input line 11.

(COMP150_Agile_Essay_Proposal.out) (COMP150_Agile_Essay_Proposal.out)
\@outlinefile=\write3
LaTeX Font Info:    External font `cmex10' loaded for size
(Font)              <14.4> on input line 15.
LaTeX Font Info:    External font `cmex10' loaded for size
(Font)              <7> on input line 15.

Overfull \hbox (5.81412pt too wide) in paragraph at lines 26--27
\OT1/cmr/m/n/10.95 like task-oriented ver-sus people-oriented, di-rec-tive ver-
sus per-mis-sive, au-to-crat ver-sus
 []


Overfull \hbox (3.76605pt too wide) in paragraph at lines 26--27
\OT1/cmr/m/n/10.95 demo-crat. In this pa-per, we ex-am-ine the lead-er-ship con
-cept in soft-ware de-vel-op-ment
 []

LaTeX Font Info:    External font `cmex10' loaded for size
(Font)              <10.95> on input line 27.
LaTeX Font Info:    External font `cmex10' loaded for size
(Font)              <8> on input line 27.
LaTeX Font Info:    External font `cmex10' loaded for size
(Font)              <6> on input line 27.

Overfull \hbox (8.57767pt too wide) in paragraph at lines 27--28
[][]$\OT1/cmtt/m/n/10.95 http : / / dl . acm . org / citation . cfm ? id = 1833
316 & CFID = 757152411 & CFTOKEN =$
 []

[1


{C:/ProgramData/MiKTeX/2.9/pdftex/config/pdftex.map}]
Overfull \hbox (20.07962pt too wide) in paragraph at lines 36--37
\OT1/cmr/m/n/10.95 Lack of struc-ture and nec-es-sary doc-u-men-ta-tion, Only w
orks with senior-level de-vel-op-ers
 []


Overfull \hbox (1.19083pt too wide) in paragraph at lines 36--37
\OT1/cmr/m/n/10.95 re-al-is-tic es-ti-mates of work ef-fort needed to pro-vide 
a quote, be-cause at the be-gin-ning
 []


Overfull \hbox (8.57767pt too wide) in paragraph at lines 40--41
[][]$\OT1/cmtt/m/n/10.95 http : / / dl . acm . org / citation . cfm ? id = 1980
188 & CFID = 757152411 & CFTOKEN =$
 []

[2]
Overfull \hbox (0.49121pt too wide) in paragraph at lines 53--54
[]\OT1/cmr/m/n/10.95 We tested the model on a set of 40 projects from 19 Dutch 
or-ga-ni-za-tions, com-pris-ing
 []


Overfull \hbox (8.57767pt too wide) in paragraph at lines 57--58
[][]$\OT1/cmtt/m/n/10.95 http : / / dl . acm . org / citation . cfm ? id = 2819
335 & CFID = 757152411 & CFTOKEN =$
 []


Overfull \hbox (39.82886pt too wide) in paragraph at lines 58--59
[][]$\OT1/cmtt/m/n/10.95 https : / / www . sig . eu / files / 9714 / 2375 / 266
2 / KellePlaatWijstVisser-[]2014 .$
 []


Overfull \hbox (8.57767pt too wide) in paragraph at lines 67--68
[][]$\OT1/cmtt/m/n/10.95 http : / / dl . acm . org / citation . cfm ? id = 1370
144 & CFID = 757152411 & CFTOKEN =$
 []


Overfull \hbox (39.32886pt too wide) in paragraph at lines 68--69
[][]$\OT1/cmtt/m/n/10.95 http : / / clearspecs . com / joomla15 / downloads / C
learSpecs59V01 _ Exploring %$
 []


Overfull \hbox (5.01318pt too wide) in paragraph at lines 76--77
\OT1/cmr/m/n/10.95 project man-age-ment. These pro-vided ev-i-dence of the stre
ngth of ag-ile method-olo-gies
 []


Overfull \hbox (8.52129pt too wide) in paragraph at lines 76--77
\OT1/cmr/m/n/10.95 as a strat-egy that can speed up the de-vel-op-ment of rhyth
ms and growth of in-no-va-tion.
 []

[3]
Overfull \hbox (20.07504pt too wide) in paragraph at lines 77--78
[][]$\OT1/cmtt/m/n/10.95 http : / / ieeexplore . ieee . org / xpl / articleDeta
ils . jsp ? arnumber = 6986020 &$
 []


Overfull \hbox (3.19829pt too wide) in paragraph at lines 86--87
\OT1/cmr/m/n/10.95 teams em-pow-ered to make de-ci-sions, ver-sus big hi-er-ar-
chies and split-ting by func-tion.
 []

[4]
Overfull \hbox (20.07504pt too wide) in paragraph at lines 87--88
[][]$\OT1/cmtt/m/n/10.95 http : / / ieeexplore . ieee . org / xpl / articleDeta
ils . jsp ? arnumber = 6596295 &$
 []


Overfull \hbox (13.84306pt too wide) in paragraph at lines 94--95
[]\OT1/cmr/m/n/10.95 A Prod-uct Man-ager's Guide to Sur-viv-ing the Big Bang Ap
-proach to Ag-ile Tran-si-tions 
 []


Overfull \hbox (20.07504pt too wide) in paragraph at lines 97--98
[][]$\OT1/cmtt/m/n/10.95 http : / / ieeexplore . ieee . org / xpl / articleDeta
ils . jsp ? arnumber = 4599514 &$
 []


Overfull \hbox (58.07492pt too wide) in paragraph at lines 98--99
[][]$\OT1/cmtt/m/n/10.95 http : / / svpma . org / eventarchives / SVPMA-[]07-[]
2008-[]Surviving _ The _ Transition _$
 []

[5]
Overfull \hbox (14.32635pt too wide) in paragraph at lines 107--108
[][]$\OT1/cmtt/m/n/10.95 http : / / ieeexplore . ieee . org / xpl / articleDeta
ils . jsp ? arnumber = 5604357$[] 
 []


Overfull \hbox (16.3341pt too wide) in paragraph at lines 108--109
[][]$\OT1/cmtt/m/n/10.95 http : / / ieeexplore . ieee . org / stamp / stamp . j
sp ? tp = &arnumber = 5604357$[] 
 []


Overfull \hbox (27.40399pt too wide) in paragraph at lines 116--117
[]\OT1/cmr/m/n/10.95 ``Agile soft-ware de-vel-op-ment de-scribes those meth-ods
 with it-er-a-tive and in-cre-men-tal
 []


Overfull \hbox (20.07504pt too wide) in paragraph at lines 117--118
[][]$\OT1/cmtt/m/n/10.95 http : / / ieeexplore . ieee . org / xpl / articleDeta
ils . jsp ? arnumber = 7292582 &$
 []

[6]
Overfull \hbox (10.55305pt too wide) in paragraph at lines 126--127
[]\OT1/cmr/m/n/10.95 ``Agile soft-ware de-vel-op-ment has had a huge im-pact on
 how soft-ware is de-vel-oped
 []


Overfull \hbox (9.19043pt too wide) in paragraph at lines 126--127
\OT1/cmr/m/n/10.95 "ra-tio-nal-ized, engineering-based ap-proach, in-cor-po-rat
-ing ex-ten-sive plan-ning, cod-i-fied
 []


Overfull \hbox (20.07504pt too wide) in paragraph at lines 127--128
[][]$\OT1/cmtt/m/n/10.95 http : / / ieeexplore . ieee . org / xpl / articleDeta
ils . jsp ? arnumber = 5222784 &$
 []


Overfull \hbox (28.77371pt too wide) in paragraph at lines 127--128
$\OT1/cmtt/m/n/10.95 queryText = What % 20do % 20we % 20know % 20about % 20agil
e % 20software % 20development ?$
 []


Overfull \hbox (20.07504pt too wide) in paragraph at lines 137--138
[][]$\OT1/cmtt/m/n/10.95 http : / / ieeexplore . ieee . org / xpl / articleDeta
ils . jsp ? arnumber = 6005517 &$
 []


Overfull \hbox (28.77371pt too wide) in paragraph at lines 137--138
$\OT1/cmtt/m/n/10.95 queryText = When % 20the % 20vp % 20is % 20a % 20scrum % 2
0master % 2c % 20you % 20hit % 20the %$
 []


Overfull \hbox (229.53555pt too wide) in paragraph at lines 138--139
[][]$\OT1/cmtt/m/n/10.95 https : / / www . agilealliance . org / wp-[]content /
 uploads / 2016 / 01 / WhentheVPisaScrumMasterPresentation110805b .$
 []

[7]
Overfull \hbox (20.07504pt too wide) in paragraph at lines 147--148
[][]$\OT1/cmtt/m/n/10.95 http : / / ieeexplore . ieee . org / xpl / articleDeta
ils . jsp ? arnumber = 6915249 &$
 []

[8]
Overfull \hbox (20.07504pt too wide) in paragraph at lines 157--158
[][]$\OT1/cmtt/m/n/10.95 http : / / ieeexplore . ieee . org / xpl / articleDeta
ils . jsp ? arnumber = 6005499 &$
 []


Overfull \hbox (22.5828pt too wide) in paragraph at lines 158--159
[][]$\OT1/cmtt/m/n/10.95 https : / / www . odd-[]e . com / material / 2011 / ag
ile2011 / Manager % 20as % 20SM %$
 []


Overfull \hbox (2.87175pt too wide) in paragraph at lines 159--160
[]\OT1/cmr/m/n/10.95 Again this will help de-rive the dif-fer-ence be-tween Can
dC and ag-ile prac-ti-cies. 
 []

Missing character: There is no â in font cmr10!
Missing character: There is no € in font cmr10!
Missing character: There is no ¢ in font cmr10!
Missing character: There is no â in font cmr10!
Missing character: There is no € in font cmr10!
Missing character: There is no ¢ in font cmr10!
Missing character: There is no â in font cmr10!
Missing character: There is no € in font cmr10!
Missing character: There is no ¢ in font cmr10!
Missing character: There is no â in font cmr10!
Missing character: There is no € in font cmr10!
Missing character: There is no ¢ in font cmr10!
Missing character: There is no â in font cmr10!
Missing character: There is no € in font cmr10!
Missing character: There is no ¢ in font cmr10!

Overfull \hbox (14.07137pt too wide) in paragraph at lines 166--173
[]\OT1/cmr/m/n/10.95 ``"Self-directed team" is one of the mantras of Ag-ile Met
hod-olo-gies. Self-direction
 []


Overfull \hbox (45.07755pt too wide) in paragraph at lines 174--175
[][]$\OT1/cmtt/m/n/10.95 https : / / www . researchgate . net / publication / 2
21321085 _ Agile _ management _$
 []

[9] (COMP150_Agile_Essay_Proposal.bbl
Underfull \hbox (badness 1173) in paragraph at lines 34--37
\OT1/cmr/m/it/10.95 Com-mu-ni-ca-tion Tech-nol-ogy Elec-tron-ics Mi-cro-elec-tr
on-ics (MIPRO), 2013 36th
 []

[10]
Underfull \hbox (badness 1838) in paragraph at lines 66--68
[]\OT1/cmr/m/n/10.95 L. Yi, ``Man-ager as scrum mas-ter,'' in \OT1/cmr/m/it/10.
95 Ag-ile Con-fer-ence (AG-ILE), 2011\OT1/cmr/m/n/10.95 ,
 []

)
Package atveryend Info: Empty hook `BeforeClearDocument' on input line 181.
 [11]
Package atveryend Info: Empty hook `AfterLastShipout' on input line 181.
 (COMP150_Agile_Essay_Proposal.aux)
Package atveryend Info: Executing hook `AtVeryEndDocument' on input line 181.
Package atveryend Info: Executing hook `AtEndAfterFileList' on input line 181.
Package rerunfilecheck Info: File `COMP150_Agile_Essay_Proposal.out' has not ch
anged.
(rerunfilecheck)             Checksum: D41D8CD98F00B204E9800998ECF8427E;0.
Package atveryend Info: Empty hook `AtVeryVeryEnd' on input line 181.
 ) 
Here is how much of TeX's memory you used:
 5709 strings out of 493698
 90527 string characters out of 3141993
 226476 words of memory out of 3000000
 8991 multiletter control sequences out of 15000+200000
 9287 words of font info for 33 fonts, out of 3000000 for 9000
 1025 hyphenation exceptions out of 8191
 36i,6n,38p,1680b,424s stack positions out of 5000i,500n,10000p,200000b,50000s
<G:/Program Files (x86)/MiKTeX 2.9/fonts/type1/public/amsfonts/cm/cmr10.pfb><
G:/Program Files (x86)/MiKTeX 2.9/fonts/type1/public/amsfonts/cm/cmr12.pfb><G:/
Program Files (x86)/MiKTeX 2.9/fonts/type1/public/amsfonts/cm/cmssbx10.pfb><G:/
Program Files (x86)/MiKTeX 2.9/fonts/type1/public/amsfonts/cm/cmti10.pfb><G:/Pr
ogram Files (x86)/MiKTeX 2.9/fonts/type1/public/amsfonts/cm/cmtt10.pfb>
Output written on COMP150_Agile_Essay_Proposal.pdf (11 pages, 138870 bytes).
PDF statistics:
 175 PDF objects out of 1000 (max. 8388607)
 42 named destinations out of 1000 (max. 500000)
 1 words of extra memory for PDF output out of 10000 (max. 10000000)

